Unity Editor version:    2021.3.11f1 (0a5ca18544bf)
Branch:                  2021.3/staging
Build type:              Release
Batch mode:              YES
macOS version:           Version 12.5.1 (Build 21G83)
Darwin version:          21.6.0
Architecture:            x86_64
Running under Rosetta:   NO
Available memory:        16384 MB
Using pre-set license
Pro License: YES

COMMAND LINE ARGUMENTS:
/Applications/Unity/Hub/Editor/2021.3.11f1/Unity.app/Contents/MacOS/Unity
-adb2
-batchMode
-noUpm
-name
AssetImportWorker0
-projectPath
/Users/Jessica/Desktop/Celeste-Movement
-logFile
Logs/AssetImportWorker0.log
-srvPort
52329
Successfully changed project path to: /Users/Jessica/Desktop/Celeste-Movement
/Users/Jessica/Desktop/Celeste-Movement
[UnityMemory] Configuration Parameters - Can be set up in boot.config
    "memorysetup-bucket-allocator-granularity=16"
    "memorysetup-bucket-allocator-bucket-count=8"
    "memorysetup-bucket-allocator-block-size=33554432"
    "memorysetup-bucket-allocator-block-count=8"
    "memorysetup-main-allocator-block-size=16777216"
    "memorysetup-thread-allocator-block-size=16777216"
    "memorysetup-gfx-main-allocator-block-size=16777216"
    "memorysetup-gfx-thread-allocator-block-size=16777216"
    "memorysetup-cache-allocator-block-size=4194304"
    "memorysetup-typetree-allocator-block-size=2097152"
    "memorysetup-profiler-bucket-allocator-granularity=16"
    "memorysetup-profiler-bucket-allocator-bucket-count=8"
    "memorysetup-profiler-bucket-allocator-block-size=33554432"
    "memorysetup-profiler-bucket-allocator-block-count=8"
    "memorysetup-profiler-allocator-block-size=16777216"
    "memorysetup-profiler-editor-allocator-block-size=1048576"
    "memorysetup-temp-allocator-size-main=16777216"
    "memorysetup-job-temp-allocator-block-size=2097152"
    "memorysetup-job-temp-allocator-block-size-background=1048576"
    "memorysetup-job-temp-allocator-reduction-small-platforms=262144"
    "memorysetup-temp-allocator-size-background-worker=32768"
    "memorysetup-temp-allocator-size-job-worker=262144"
    "memorysetup-temp-allocator-size-preload-manager=33554432"
    "memorysetup-temp-allocator-size-nav-mesh-worker=65536"
    "memorysetup-temp-allocator-size-audio-worker=65536"
    "memorysetup-temp-allocator-size-cloud-worker=32768"
    "memorysetup-temp-allocator-size-gi-baking-worker=262144"
    "memorysetup-temp-allocator-size-gfx=262144"
Refreshing native plugins compatible for Editor in 91.95 ms, found 2 plugins.
Preloading 0 native plugins for Editor in 0.00 ms.
Initialize engine version: 2021.3.11f1 (0a5ca18544bf)
[Subsystems] Discovering subsystems at path /Applications/Unity/Hub/Editor/2021.3.11f1/Unity.app/Contents/Resources/UnitySubsystems
[Subsystems] Discovering subsystems at path /Users/Jessica/Desktop/Celeste-Movement/Assets
GfxDevice: creating device client; threaded=0; jobified=0
Color LCD preferred device: Intel(R) UHD Graphics 630 (low power)
Metal devices available: 2
0: AMD Radeon Pro 5300M (high power)
1: Intel(R) UHD Graphics 630 (low power)
Using device AMD Radeon Pro 5300M (high power)
Initializing Metal device caps: AMD Radeon Pro 5300M
Initialize mono
Mono path[0] = '/Applications/Unity/Hub/Editor/2021.3.11f1/Unity.app/Contents/Managed'
Mono path[1] = '/Applications/Unity/Hub/Editor/2021.3.11f1/Unity.app/Contents/MonoBleedingEdge/lib/mono/unityjit-macos'
Mono config path = '/Applications/Unity/Hub/Editor/2021.3.11f1/Unity.app/Contents/MonoBleedingEdge/etc'
Using monoOptions --debugger-agent=transport=dt_socket,embedding=1,server=y,suspend=n,address=127.0.0.1:56416
Begin MonoManager ReloadAssembly
Registering precompiled unity dll's ...
Register platform support module: /Applications/Unity/Hub/Editor/2021.3.11f1/PlaybackEngines/WebGLSupport/UnityEditor.WebGL.Extensions.dll
Register platform support module: /Applications/Unity/Hub/Editor/2021.3.11f1/Unity.app/Contents/PlaybackEngines/MacStandaloneSupport/UnityEditor.OSXStandalone.Extensions.dll
Registered in 0.004543 seconds.
Native extension for OSXStandalone target not found
Native extension for WebGL target not found
Refreshing native plugins compatible for Editor in 55.51 ms, found 2 plugins.
Preloading 0 native plugins for Editor in 0.00 ms.
Mono: successfully reloaded assembly
- Completed reload, in  0.768 seconds
Domain Reload Profiling:
	ReloadAssembly (769ms)
		BeginReloadAssembly (115ms)
			ExecutionOrderSort (0ms)
			DisableScriptedObjects (0ms)
			BackupInstance (0ms)
			ReleaseScriptingObjects (0ms)
			CreateAndSetChildDomain (1ms)
		EndReloadAssembly (527ms)
			LoadAssemblies (117ms)
			RebuildTransferFunctionScriptingTraits (0ms)
			SetupTypeCache (134ms)
			ReleaseScriptCaches (0ms)
			RebuildScriptCaches (32ms)
			SetupLoadedEditorAssemblies (305ms)
				LogAssemblyErrors (0ms)
				InitializePlatformSupportModulesInManaged (7ms)
				SetLoadedEditorAssemblies (0ms)
				RefreshPlugins (56ms)
				BeforeProcessingInitializeOnLoad (1ms)
				ProcessInitializeOnLoadAttributes (186ms)
				ProcessInitializeOnLoadMethodAttributes (55ms)
				AfterProcessingInitializeOnLoad (0ms)
				EditorAssembliesLoaded (0ms)
			ExecutionOrderSort2 (0ms)
			AwakeInstancesAfterBackupRestoration (0ms)
Platform modules already initialized, skipping
Registering precompiled user dll's ...
Registered in 0.002697 seconds.
Begin MonoManager ReloadAssembly
Native extension for OSXStandalone target not found
Native extension for WebGL target not found
Refreshing native plugins compatible for Editor in 54.08 ms, found 2 plugins.
Preloading 0 native plugins for Editor in 0.00 ms.
Mono: successfully reloaded assembly
- Completed reload, in  1.358 seconds
Domain Reload Profiling:
	ReloadAssembly (1359ms)
		BeginReloadAssembly (100ms)
			ExecutionOrderSort (0ms)
			DisableScriptedObjects (6ms)
			BackupInstance (0ms)
			ReleaseScriptingObjects (0ms)
			CreateAndSetChildDomain (23ms)
		EndReloadAssembly (1121ms)
			LoadAssemblies (116ms)
			RebuildTransferFunctionScriptingTraits (0ms)
			SetupTypeCache (276ms)
			ReleaseScriptCaches (1ms)
			RebuildScriptCaches (69ms)
			SetupLoadedEditorAssemblies (601ms)
				LogAssemblyErrors (0ms)
				InitializePlatformSupportModulesInManaged (4ms)
				SetLoadedEditorAssemblies (0ms)
				RefreshPlugins (54ms)
				BeforeProcessingInitializeOnLoad (77ms)
				ProcessInitializeOnLoadAttributes (336ms)
				ProcessInitializeOnLoadMethodAttributes (129ms)
				AfterProcessingInitializeOnLoad (1ms)
				EditorAssembliesLoaded (0ms)
			ExecutionOrderSort2 (0ms)
			AwakeInstancesAfterBackupRestoration (7ms)
Platform modules already initialized, skipping
========================================================================
Worker process is ready to serve import requests
Launching external process: /Applications/Unity/Hub/Editor/2021.3.11f1/Unity.app/Contents/Tools/UnityShaderCompiler
Launched and connected shader compiler UnityShaderCompiler after 0.07 seconds
Refreshing native plugins compatible for Editor in 0.96 ms, found 2 plugins.
Preloading 0 native plugins for Editor in 0.00 ms.
Unloading 3813 Unused Serialized files (Serialized files now loaded: 0)
Unloading 62 unused Assets / (2.0 MB). Loaded Objects now: 4259.
Memory consumption went from 288.6 MB to 286.6 MB.
Total: 7.285442 ms (FindLiveObjects: 0.400198 ms CreateObjectMapping: 0.310072 ms MarkObjects: 5.220025 ms  DeleteObjects: 1.353543 ms)

AssetImportParameters requested are different than current active one (requested -> active):
  custom:video-decoder-ogg-theora: a1e56fd34408186e4bbccfd4996cb3dc -> 
  custom:container-muxer-webm: aa71ff27fc2769a1b78a27578f13a17b -> 
  custom:container-demuxer-webm: 4f35f7cbe854078d1ac9338744f61a02 -> 
  custom:video-encoder-webm-vp8: eb34c28f22e8b96e1ab97ce403110664 -> 
  custom:framework-osx-AVFoundation: e770b220cccbd017edd2c1fefb359320 -> 
  custom:audio-encoder-webm-vorbis: bf7c407c2cedff20999df2af8eb42d56 -> 
  custom:container-demuxer-ogg: 62fdf1f143b41e24485cea50d1cbac27 -> 
  custom:video-decoder-webm-vp8: 9c59270c3fd7afecdb556c50c9e8de78 -> 
  custom:audio-decoder-ogg-vorbis: bf7c407c2cedff20999df2af8eb42d56 -> 
========================================================================
Received Import Request.
  Time since last request: 23097.893282 seconds.
  path: Assets/Scripts/New Universal Render Pipeline Asset.asset
  artifactKey: Guid(f221833eec95645f1b1bc603c6a529fd) Importer(815301076,1909f56bfc062723c751e8b465ee728b)
Start importing Assets/Scripts/New Universal Render Pipeline Asset.asset using Guid(f221833eec95645f1b1bc603c6a529fd) Importer(815301076,1909f56bfc062723c751e8b465ee728b)  -> (artifact id: '86b71cb295cfc49b9b2d440fc30e8797') in 0.181936 seconds 
========================================================================
Received Import Request.
  Time since last request: 57.666393 seconds.
  path: Assets/Scripts/PipelineAsset_Render.asset
  artifactKey: Guid(f221833eec95645f1b1bc603c6a529fd) Importer(815301076,1909f56bfc062723c751e8b465ee728b)
Start importing Assets/Scripts/PipelineAsset_Render.asset using Guid(f221833eec95645f1b1bc603c6a529fd) Importer(815301076,1909f56bfc062723c751e8b465ee728b)  -> (artifact id: '096654fc1d2a660878ae1a1104436d99') in 0.018388 seconds 
========================================================================
Received Import Request.
  Time since last request: 12.135960 seconds.
  path: Assets/Scripts/PipelineAsset_Renderer.asset
  artifactKey: Guid(f221833eec95645f1b1bc603c6a529fd) Importer(815301076,1909f56bfc062723c751e8b465ee728b)
Start importing Assets/Scripts/PipelineAsset_Renderer.asset using Guid(f221833eec95645f1b1bc603c6a529fd) Importer(815301076,1909f56bfc062723c751e8b465ee728b)  -> (artifact id: 'c9285c5c7422539702cee8227eb7f7d3') in 0.015138 seconds 
========================================================================
Received Import Request.
  Time since last request: 18.153981 seconds.
  path: Assets/Scripts/Pipeline.asset
  artifactKey: Guid(0d1e937515b7f4b92864a464ea7c814c) Importer(815301076,1909f56bfc062723c751e8b465ee728b)
Start importing Assets/Scripts/Pipeline.asset using Guid(0d1e937515b7f4b92864a464ea7c814c) Importer(815301076,1909f56bfc062723c751e8b465ee728b)  -> (artifact id: 'b04b0a746f03132388d51192a0e72db9') in 0.019286 seconds 
========================================================================
Received Import Request.
  Time since last request: 9.297637 seconds.
  path: Assets/Scripts/PipelineAsset.asset
  artifactKey: Guid(0d1e937515b7f4b92864a464ea7c814c) Importer(815301076,1909f56bfc062723c751e8b465ee728b)
Start importing Assets/Scripts/PipelineAsset.asset using Guid(0d1e937515b7f4b92864a464ea7c814c) Importer(815301076,1909f56bfc062723c751e8b465ee728b)  -> (artifact id: '8bcfea3f2a5324d389769b87a9c241bf') in 0.017437 seconds 
========================================================================
Received Import Request.
  Time since last request: 72.797300 seconds.
  path: Assets/Scripts/pa.asset
  artifactKey: Guid(f221833eec95645f1b1bc603c6a529fd) Importer(815301076,1909f56bfc062723c751e8b465ee728b)
Start importing Assets/Scripts/pa.asset using Guid(f221833eec95645f1b1bc603c6a529fd) Importer(815301076,1909f56bfc062723c751e8b465ee728b)  -> (artifact id: 'ad3ca5745408f6c842ee03ff9828dbf9') in 0.015505 seconds 
========================================================================
Received Import Request.
  Time since last request: 11.931114 seconds.
  path: Assets/Scripts/PipelineAssetRenderer.asset
  artifactKey: Guid(0d1e937515b7f4b92864a464ea7c814c) Importer(815301076,1909f56bfc062723c751e8b465ee728b)
Start importing Assets/Scripts/PipelineAssetRenderer.asset using Guid(0d1e937515b7f4b92864a464ea7c814c) Importer(815301076,1909f56bfc062723c751e8b465ee728b)  -> (artifact id: '0cf32f1d5317aef6a9ef8513cefc53d1') in 0.016775 seconds 
========================================================================
Received Import Request.
  Time since last request: 7.857146 seconds.
  path: Assets/Scripts/PipelineAsset.asset
  artifactKey: Guid(f221833eec95645f1b1bc603c6a529fd) Importer(815301076,1909f56bfc062723c751e8b465ee728b)
Start importing Assets/Scripts/PipelineAsset.asset using Guid(f221833eec95645f1b1bc603c6a529fd) Importer(815301076,1909f56bfc062723c751e8b465ee728b)  -> (artifact id: '3c927bcd5eab1a032aa666f02559bfa1') in 0.016026 seconds 
========================================================================
Received Prepare
Switching render pipeline 00000000000000000000000000000000 -> f221833eec95645f1b1bc603c6a529fd
Refreshing native plugins compatible for Editor in 7.50 ms, found 2 plugins.
Preloading 0 native plugins for Editor in 0.00 ms.
Unloading 90 Unused Serialized files (Serialized files now loaded: 0)
Unloading 39 unused Assets / (2.0 MB). Loaded Objects now: 4311.
Memory consumption went from 214.6 MB to 212.6 MB.
Total: 4.664609 ms (FindLiveObjects: 0.295530 ms CreateObjectMapping: 0.262745 ms MarkObjects: 3.473940 ms  DeleteObjects: 0.631817 ms)

AssetImportParameters requested are different than current active one (requested -> active):
  custom:video-decoder-ogg-theora: a1e56fd34408186e4bbccfd4996cb3dc -> 
  custom:container-muxer-webm: aa71ff27fc2769a1b78a27578f13a17b -> 
  custom:container-demuxer-webm: 4f35f7cbe854078d1ac9338744f61a02 -> 
  custom:video-encoder-webm-vp8: eb34c28f22e8b96e1ab97ce403110664 -> 
  custom:framework-osx-AVFoundation: e770b220cccbd017edd2c1fefb359320 -> 
  custom:audio-encoder-webm-vorbis: bf7c407c2cedff20999df2af8eb42d56 -> 
  custom:container-demuxer-ogg: 62fdf1f143b41e24485cea50d1cbac27 -> 
  custom:video-decoder-webm-vp8: 9c59270c3fd7afecdb556c50c9e8de78 -> 
  custom:audio-decoder-ogg-vorbis: bf7c407c2cedff20999df2af8eb42d56 -> 
========================================================================
Received Import Request.
  Time since last request: 137.592718 seconds.
  path: Assets/Scripts/PipelineAsset.asset
  artifactKey: Guid(f221833eec95645f1b1bc603c6a529fd) Importer(815301076,1909f56bfc062723c751e8b465ee728b)
Start importing Assets/Scripts/PipelineAsset.asset using Guid(f221833eec95645f1b1bc603c6a529fd) Importer(815301076,1909f56bfc062723c751e8b465ee728b)  -> (artifact id: '81aa2ccc1a4f50eca6f05f69ad5ce6e2') in 0.006662 seconds 
========================================================================
Received Import Request.
  Time since last request: 138.053644 seconds.
  path: Assets/Scripts/NewUnlitShader.shader
  artifactKey: Guid(268fdedaff20a4c91be3bed98278afe8) Importer(815301076,1909f56bfc062723c751e8b465ee728b)
Start importing Assets/Scripts/NewUnlitShader.shader using Guid(268fdedaff20a4c91be3bed98278afe8) Importer(815301076,1909f56bfc062723c751e8b465ee728b)  -> (artifact id: '9788edd0538fa82c63bac9292dfc1a39') in 0.102954 seconds 
========================================================================
Received Import Request.
  Time since last request: 4.955180 seconds.
  path: Assets/Scripts/Dissolve.shader
  artifactKey: Guid(268fdedaff20a4c91be3bed98278afe8) Importer(815301076,1909f56bfc062723c751e8b465ee728b)
Start importing Assets/Scripts/Dissolve.shader using Guid(268fdedaff20a4c91be3bed98278afe8) Importer(815301076,1909f56bfc062723c751e8b465ee728b)  -> (artifact id: '847a2fe4e7bdbf4524bea6d042c94d44') in 0.002394 seconds 
========================================================================
Received Import Request.
  Time since last request: 110.155466 seconds.
  path: Assets/Scripts/Dissolve.shadergraph
  artifactKey: Guid(7e8d9364bff7f4c1da4ed153df94ac04) Importer(815301076,1909f56bfc062723c751e8b465ee728b)
Start importing Assets/Scripts/Dissolve.shadergraph using Guid(7e8d9364bff7f4c1da4ed153df94ac04) Importer(815301076,1909f56bfc062723c751e8b465ee728b)  -> (artifact id: '7d3a40b0fb1c48508f4a53114eb4a373') in 0.093681 seconds 
========================================================================
Received Import Request.
  Time since last request: 125.217511 seconds.
  path: Assets/Scripts/Dissolve.mat
  artifactKey: Guid(f982926d8478c4135acb9d0de0c53791) Importer(815301076,1909f56bfc062723c751e8b465ee728b)
Start importing Assets/Scripts/Dissolve.mat using Guid(f982926d8478c4135acb9d0de0c53791) Importer(815301076,1909f56bfc062723c751e8b465ee728b)  -> (artifact id: '35aded422003fb484d297f91165d9243') in 1.602637 seconds 
========================================================================
Received Import Request.
  Time since last request: 4.272370 seconds.
  path: Assets/Scripts/BetterJumping.cs
  artifactKey: Guid(d071a2142a4939342a4ee88613274c86) Importer(815301076,1909f56bfc062723c751e8b465ee728b)
Start importing Assets/Scripts/BetterJumping.cs using Guid(d071a2142a4939342a4ee88613274c86) Importer(815301076,1909f56bfc062723c751e8b465ee728b)  -> (artifact id: '8d31b524eeeaba8ac9069df404893e1a') in 0.364638 seconds 
========================================================================
Received Import Request.
  Time since last request: 81.726964 seconds.
  path: Assets/UniversalRenderPipelineGlobalSettings.asset
  artifactKey: Guid(d24794214a9dc403fa62350e531925d2) Importer(815301076,1909f56bfc062723c751e8b465ee728b)
Start importing Assets/UniversalRenderPipelineGlobalSettings.asset using Guid(d24794214a9dc403fa62350e531925d2) Importer(815301076,1909f56bfc062723c751e8b465ee728b)  -> (artifact id: '79f293eae999f22be8540b9fc52be7ad') in 0.002663 seconds 
========================================================================
Received Import Request.
  Time since last request: 8.192080 seconds.
  path: Assets/Sprites/MixJam_Tileset.png
  artifactKey: Guid(0025273e33fd6e240b185fb45fe147b8) Importer(815301076,1909f56bfc062723c751e8b465ee728b)
Start importing Assets/Sprites/MixJam_Tileset.png using Guid(0025273e33fd6e240b185fb45fe147b8) Importer(815301076,1909f56bfc062723c751e8b465ee728b)  -> (artifact id: '36ca907c4c13123d42409ac5338a578f') in 1.449621 seconds 
========================================================================
Received Import Request.
  Time since last request: 15.944721 seconds.
  path: Assets/Scripts/Dissolve
  artifactKey: Guid(6dacfb78536b341c8bf568ed61d4473d) Importer(815301076,1909f56bfc062723c751e8b465ee728b)
Start importing Assets/Scripts/Dissolve using Guid(6dacfb78536b341c8bf568ed61d4473d) Importer(815301076,1909f56bfc062723c751e8b465ee728b)  -> (artifact id: '65642c3bd75758d3c8c24d0ec04dbcc3') in 0.000887 seconds 
========================================================================
Received Import Request.
  Time since last request: 383.162520 seconds.
  path: Assets/DOTween/Editor/Imgs/DOTweenIcon.png
  artifactKey: Guid(54f46563f2bcfac45a404e9026ee4a47) Importer(815301076,1909f56bfc062723c751e8b465ee728b)
Start importing Assets/DOTween/Editor/Imgs/DOTweenIcon.png using Guid(54f46563f2bcfac45a404e9026ee4a47) Importer(815301076,1909f56bfc062723c751e8b465ee728b)  -> (artifact id: 'b7fafe3055b6cbe71629f9ed6522c396') in 0.021449 seconds 
========================================================================
Received Import Request.
  Time since last request: 0.000065 seconds.
  path: Assets/DOTween/Editor/Imgs/Footer_dark.png
  artifactKey: Guid(312082fb06c0fec4188c65f071e66365) Importer(815301076,1909f56bfc062723c751e8b465ee728b)
Start importing Assets/DOTween/Editor/Imgs/Footer_dark.png using Guid(312082fb06c0fec4188c65f071e66365) Importer(815301076,1909f56bfc062723c751e8b465ee728b)  -> (artifact id: 'b84975bc368f94185c3f9ce9701611a7') in 0.036383 seconds 
========================================================================
Received Import Request.
  Time since last request: 64.180260 seconds.
  path: Assets/Scripts/Dissolve/Dissolve.mat
  artifactKey: Guid(f982926d8478c4135acb9d0de0c53791) Importer(815301076,1909f56bfc062723c751e8b465ee728b)
Start importing Assets/Scripts/Dissolve/Dissolve.mat using Guid(f982926d8478c4135acb9d0de0c53791) Importer(815301076,1909f56bfc062723c751e8b465ee728b)  -> (artifact id: '25c248980bcd150a861269935f573e6d') in 0.623823 seconds 
========================================================================
Received Import Request.
  Time since last request: 38.916700 seconds.
  path: Assets/Materials/Ghost.mat
  artifactKey: Guid(1f4b847946d173d46ac044661fe23092) Importer(815301076,1909f56bfc062723c751e8b465ee728b)
Start importing Assets/Materials/Ghost.mat using Guid(1f4b847946d173d46ac044661fe23092) Importer(815301076,1909f56bfc062723c751e8b465ee728b)  -> (artifact id: '664281112dc0c930fbfb60a3204b29ca') in 0.038571 seconds 
========================================================================
Received Import Request.
  Time since last request: 113.513032 seconds.
  path: Assets/Scripts/Dissolve/Dissolve.mat
  artifactKey: Guid(f982926d8478c4135acb9d0de0c53791) Importer(815301076,1909f56bfc062723c751e8b465ee728b)
Start importing Assets/Scripts/Dissolve/Dissolve.mat using Guid(f982926d8478c4135acb9d0de0c53791) Importer(815301076,1909f56bfc062723c751e8b465ee728b)  -> (artifact id: '1fb1ec8c8926dc714d5e96d0a4c7a068') in 0.014322 seconds 
========================================================================
Received Prepare
Registering precompiled user dll's ...
Registered in 0.002634 seconds.
Begin MonoManager ReloadAssembly
Native extension for OSXStandalone target not found
Native extension for WebGL target not found
Refreshing native plugins compatible for Editor in 0.77 ms, found 2 plugins.
Preloading 0 native plugins for Editor in 0.00 ms.
Mono: successfully reloaded assembly
- Completed reload, in  1.611 seconds
Domain Reload Profiling:
	ReloadAssembly (1611ms)
		BeginReloadAssembly (217ms)
			ExecutionOrderSort (0ms)
			DisableScriptedObjects (9ms)
			BackupInstance (0ms)
			ReleaseScriptingObjects (0ms)
			CreateAndSetChildDomain (91ms)
		EndReloadAssembly (1256ms)
			LoadAssemblies (111ms)
			RebuildTransferFunctionScriptingTraits (0ms)
			SetupTypeCache (391ms)
			ReleaseScriptCaches (2ms)
			RebuildScriptCaches (79ms)
			SetupLoadedEditorAssemblies (572ms)
				LogAssemblyErrors (0ms)
				InitializePlatformSupportModulesInManaged (12ms)
				SetLoadedEditorAssemblies (1ms)
				RefreshPlugins (1ms)
				BeforeProcessingInitializeOnLoad (76ms)
				ProcessInitializeOnLoadAttributes (359ms)
				ProcessInitializeOnLoadMethodAttributes (122ms)
				AfterProcessingInitializeOnLoad (1ms)
				EditorAssembliesLoaded (0ms)
			ExecutionOrderSort2 (0ms)
			AwakeInstancesAfterBackupRestoration (12ms)
Platform modules already initialized, skipping
Refreshing native plugins compatible for Editor in 1.57 ms, found 2 plugins.
Preloading 0 native plugins for Editor in 0.00 ms.
Unloading 3719 Unused Serialized files (Serialized files now loaded: 0)
Unloading 40 unused Assets / (2.0 MB). Loaded Objects now: 4421.
Memory consumption went from 318.4 MB to 316.4 MB.
Total: 5.784778 ms (FindLiveObjects: 0.483049 ms CreateObjectMapping: 0.295873 ms MarkObjects: 4.171240 ms  DeleteObjects: 0.833610 ms)

AssetImportParameters requested are different than current active one (requested -> active):
  custom:video-decoder-ogg-theora: a1e56fd34408186e4bbccfd4996cb3dc -> 
  custom:container-muxer-webm: aa71ff27fc2769a1b78a27578f13a17b -> 
  custom:container-demuxer-webm: 4f35f7cbe854078d1ac9338744f61a02 -> 
  custom:video-encoder-webm-vp8: eb34c28f22e8b96e1ab97ce403110664 -> 
  custom:framework-osx-AVFoundation: e770b220cccbd017edd2c1fefb359320 -> 
  custom:audio-encoder-webm-vorbis: bf7c407c2cedff20999df2af8eb42d56 -> 
  custom:container-demuxer-ogg: 62fdf1f143b41e24485cea50d1cbac27 -> 
  custom:video-decoder-webm-vp8: 9c59270c3fd7afecdb556c50c9e8de78 -> 
  custom:audio-decoder-ogg-vorbis: bf7c407c2cedff20999df2af8eb42d56 -> 
========================================================================
Received Import Request.
  Time since last request: 83.874868 seconds.
  path: Assets/Animations
  artifactKey: Guid(ee6cd862242a6834d908914cf3cbe799) Importer(815301076,1909f56bfc062723c751e8b465ee728b)
Start importing Assets/Animations using Guid(ee6cd862242a6834d908914cf3cbe799) Importer(815301076,1909f56bfc062723c751e8b465ee728b)  -> (artifact id: '8edaf94f5f731f247111c02c57d934b5') in 0.008722 seconds 
========================================================================
Received Import Request.
  Time since last request: 606.936547 seconds.
  path: Assets/Sprites
  artifactKey: Guid(996724d825b55b74a9f556f82300c391) Importer(815301076,1909f56bfc062723c751e8b465ee728b)
Start importing Assets/Sprites using Guid(996724d825b55b74a9f556f82300c391) Importer(815301076,1909f56bfc062723c751e8b465ee728b)  -> (artifact id: 'f41e9745f91de823de9a0e7d4ed798db') in 0.002014 seconds 
========================================================================
Received Import Request.
  Time since last request: 7.093173 seconds.
  path: Assets/Scripts/Dissolve/Dissolve.mat
  artifactKey: Guid(f982926d8478c4135acb9d0de0c53791) Importer(815301076,1909f56bfc062723c751e8b465ee728b)
Start importing Assets/Scripts/Dissolve/Dissolve.mat using Guid(f982926d8478c4135acb9d0de0c53791) Importer(815301076,1909f56bfc062723c751e8b465ee728b)  -> (artifact id: 'b4fc51dd5fbb9098da6c60ed3e0d2123') in 0.199871 seconds 
========================================================================
Received Prepare
Registering precompiled user dll's ...
Registered in 0.002299 seconds.
Begin MonoManager ReloadAssembly
Native extension for OSXStandalone target not found
Native extension for WebGL target not found
Refreshing native plugins compatible for Editor in 0.78 ms, found 2 plugins.
Preloading 0 native plugins for Editor in 0.00 ms.
Mono: successfully reloaded assembly
- Completed reload, in  1.304 seconds
Domain Reload Profiling:
	ReloadAssembly (1304ms)
		BeginReloadAssembly (147ms)
			ExecutionOrderSort (0ms)
			DisableScriptedObjects (11ms)
			BackupInstance (0ms)
			ReleaseScriptingObjects (0ms)
			CreateAndSetChildDomain (61ms)
		EndReloadAssembly (1045ms)
			LoadAssemblies (71ms)
			RebuildTransferFunctionScriptingTraits (0ms)
			SetupTypeCache (298ms)
			ReleaseScriptCaches (2ms)
			RebuildScriptCaches (61ms)
			SetupLoadedEditorAssemblies (519ms)
				LogAssemblyErrors (0ms)
				InitializePlatformSupportModulesInManaged (11ms)
				SetLoadedEditorAssemblies (1ms)
				RefreshPlugins (1ms)
				BeforeProcessingInitializeOnLoad (66ms)
				ProcessInitializeOnLoadAttributes (324ms)
				ProcessInitializeOnLoadMethodAttributes (115ms)
				AfterProcessingInitializeOnLoad (1ms)
				EditorAssembliesLoaded (0ms)
			ExecutionOrderSort2 (0ms)
			AwakeInstancesAfterBackupRestoration (12ms)
Platform modules already initialized, skipping
Refreshing native plugins compatible for Editor in 1.61 ms, found 2 plugins.
Preloading 0 native plugins for Editor in 0.00 ms.
Unloading 3717 Unused Serialized files (Serialized files now loaded: 0)
Unloading 39 unused Assets / (2.0 MB). Loaded Objects now: 4477.
Memory consumption went from 318.9 MB to 316.8 MB.
Total: 5.054460 ms (FindLiveObjects: 0.381922 ms CreateObjectMapping: 0.281141 ms MarkObjects: 3.750500 ms  DeleteObjects: 0.639679 ms)

AssetImportParameters requested are different than current active one (requested -> active):
  custom:video-decoder-ogg-theora: a1e56fd34408186e4bbccfd4996cb3dc -> 
  custom:container-muxer-webm: aa71ff27fc2769a1b78a27578f13a17b -> 
  custom:container-demuxer-webm: 4f35f7cbe854078d1ac9338744f61a02 -> 
  custom:video-encoder-webm-vp8: eb34c28f22e8b96e1ab97ce403110664 -> 
  custom:framework-osx-AVFoundation: e770b220cccbd017edd2c1fefb359320 -> 
  custom:audio-encoder-webm-vorbis: bf7c407c2cedff20999df2af8eb42d56 -> 
  custom:container-demuxer-ogg: 62fdf1f143b41e24485cea50d1cbac27 -> 
  custom:video-decoder-webm-vp8: 9c59270c3fd7afecdb556c50c9e8de78 -> 
  custom:audio-decoder-ogg-vorbis: bf7c407c2cedff20999df2af8eb42d56 -> 
